#! /c/Source/iverilog-install/bin/vvp
:ivl_version "12.0 (devel)" "(s20150603-1110-g18392a46)";
:ivl_delay_selection "TYPICAL";
:vpi_time_precision - 12;
:vpi_module "C:\iverilog\lib\ivl\system.vpi";
:vpi_module "C:\iverilog\lib\ivl\vhdl_sys.vpi";
:vpi_module "C:\iverilog\lib\ivl\vhdl_textio.vpi";
:vpi_module "C:\iverilog\lib\ivl\v2005_math.vpi";
:vpi_module "C:\iverilog\lib\ivl\va_math.vpi";
S_000001fc01fd2ab0 .scope module, "LFSR_code" "LFSR_code" 2 3;
 .timescale -9 -12;
    .port_info 0 /INPUT 1 "clk";
    .port_info 1 /OUTPUT 1 "Q";
    .port_info 2 /INPUT 1 "load_enable";
    .port_info 3 /INPUT 1 "shift_enable";
    .port_info 4 /INPUT 32 "seed";
L_000001fc01fbe5e0 .functor XOR 1, L_000001fc020486c0, L_000001fc02048080, C4<0>, C4<0>;
L_000001fc01fd33a0 .functor XOR 1, L_000001fc02048440, L_000001fc01fbe5e0, C4<0>, C4<0>;
L_000001fc01fd3180 .functor XOR 1, L_000001fc02048760, L_000001fc01fd33a0, C4<0>, C4<0>;
v000001fc01fbe540_0 .net "Q", 0 0, L_000001fc020484e0;  1 drivers
v000001fc01fd2c40_0 .var "Q_reg", 31 0;
v000001fc01fd2ce0_0 .net *"_ivl_10", 0 0, L_000001fc01fbe5e0;  1 drivers
v000001fc01fd2d80_0 .net *"_ivl_12", 0 0, L_000001fc01fd33a0;  1 drivers
v000001fc01fd2e20_0 .net *"_ivl_3", 0 0, L_000001fc02048760;  1 drivers
v000001fc01fd2ec0_0 .net *"_ivl_5", 0 0, L_000001fc02048440;  1 drivers
v000001fc02048580_0 .net *"_ivl_7", 0 0, L_000001fc020486c0;  1 drivers
v000001fc02048620_0 .net *"_ivl_9", 0 0, L_000001fc02048080;  1 drivers
o000001fc02007138 .functor BUFZ 1, C4<z>; HiZ drive
v000001fc02048120_0 .net "clk", 0 0, o000001fc02007138;  0 drivers
o000001fc02007168 .functor BUFZ 1, C4<z>; HiZ drive
v000001fc02047a40_0 .net "load_enable", 0 0, o000001fc02007168;  0 drivers
o000001fc02007198 .functor BUFZ 32, C4<zzzzzzzzzzzzzzzzzzzzzzzzzzzzzzzz>; HiZ drive
v000001fc02048260_0 .net "seed", 31 0, o000001fc02007198;  0 drivers
o000001fc020071c8 .functor BUFZ 1, C4<z>; HiZ drive
v000001fc02047e00_0 .net "shift_enable", 0 0, o000001fc020071c8;  0 drivers
v000001fc02047f40_0 .net "taps", 0 0, L_000001fc01fd3180;  1 drivers
E_000001fc01fbc250 .event posedge, v000001fc02048120_0;
L_000001fc020484e0 .part v000001fc01fd2c40_0, 31, 1;
L_000001fc02048760 .part v000001fc01fd2c40_0, 31, 1;
L_000001fc02048440 .part v000001fc01fd2c40_0, 20, 1;
L_000001fc020486c0 .part v000001fc01fd2c40_0, 1, 1;
L_000001fc02048080 .part v000001fc01fd2c40_0, 0, 1;
    .scope S_000001fc01fd2ab0;
T_0 ;
    %wait E_000001fc01fbc250;
    %load/vec4 v000001fc02047a40_0;
    %flag_set/vec4 8;
    %jmp/0xz  T_0.0, 8;
    %load/vec4 v000001fc02048260_0;
    %assign/vec4 v000001fc01fd2c40_0, 0;
    %jmp T_0.1;
T_0.0 ;
    %load/vec4 v000001fc02047e00_0;
    %flag_set/vec4 8;
    %jmp/0xz  T_0.2, 8;
    %load/vec4 v000001fc01fd2c40_0;
    %parti/s 31, 0, 2;
    %load/vec4 v000001fc02047f40_0;
    %concat/vec4; draw_concat_vec4
    %assign/vec4 v000001fc01fd2c40_0, 0;
    %jmp T_0.3;
T_0.2 ;
    %load/vec4 v000001fc01fd2c40_0;
    %assign/vec4 v000001fc01fd2c40_0, 0;
T_0.3 ;
T_0.1 ;
    %jmp T_0;
    .thread T_0;
# The file index is used to find the file name in the following table.
:file_names 3;
    "N/A";
    "<interactive>";
    "LFSR_code.v";
